[Mon Jan 13 17:32:16 IST 2014] waitforElementtoLoad
[Mon Jan 13 17:48:06 IST 2014] waitforElementtoLoad
[Mon Jan 13 17:53:26 IST 2014] waitforElementtoLoad
[Mon Jan 13 18:04:59 IST 2014] waitforElementtoLoad
[Mon Jan 13 18:05:00 IST 2014] typeInUserName
[Mon Jan 13 18:05:02 IST 2014] waitforElementtoLoad
[Mon Jan 13 18:06:39 IST 2014] waitforElementtoLoad
[Mon Jan 13 18:07:01 IST 2014] typeInUserName
[Mon Jan 13 18:07:14 IST 2014] waitforElementtoLoad
[Mon Jan 13 19:00:16 IST 2014] waitforElementtoLoad
[Mon Jan 13 19:00:17 IST 2014] typeInUserName
[Mon Jan 13 19:01:22 IST 2014] waitforElementtoLoad
[Mon Jan 13 19:01:23 IST 2014] typeInUserName
[Mon Jan 13 19:01:23 IST 2014] waitforElementtoLoad
[Mon Jan 13 19:01:23 IST 2014] typeInPassword
[Mon Jan 13 19:01:24 IST 2014] clickLoginButton
[Mon Jan 13 19:01:24 IST 2014] waitandClick
[Mon Jan 13 19:02:10 IST 2014] waitforElementtoLoad
[Mon Jan 13 19:02:10 IST 2014] typeInUserName
[Mon Jan 13 19:02:11 IST 2014] waitforElementtoLoad
[Mon Jan 13 19:02:11 IST 2014] typeInPassword
[Mon Jan 13 19:02:12 IST 2014] clickLoginButton
[Mon Jan 13 19:02:12 IST 2014] waitandClick
[Mon Jan 13 19:04:53 IST 2014] waitforElementtoLoad
[Mon Jan 13 19:04:54 IST 2014] typeInUserName
[Mon Jan 13 19:04:55 IST 2014] waitforElementtoLoad
[Mon Jan 13 19:04:55 IST 2014] typeInPassword
[Mon Jan 13 19:04:55 IST 2014] clickLoginButton
[Mon Jan 13 19:04:56 IST 2014] waitandClick
[Mon Jan 13 19:11:04 IST 2014] waitforElementtoLoad
[Mon Jan 13 19:11:05 IST 2014] typeInUserName
[Mon Jan 13 19:11:05 IST 2014] waitforElementtoLoad
[Mon Jan 13 19:11:06 IST 2014] typeInPassword
[Mon Jan 13 19:11:06 IST 2014] clickLoginButton
[Mon Jan 13 19:11:07 IST 2014] waitandClick
[Mon Jan 13 19:14:54 IST 2014] waitforElementtoLoad
[Mon Jan 13 19:14:54 IST 2014] typeInUserName
[Mon Jan 13 19:14:55 IST 2014] waitforElementtoLoad
[Mon Jan 13 19:14:55 IST 2014] typeInPassword
[Mon Jan 13 19:14:56 IST 2014] clickLoginButton
[Mon Jan 13 19:14:56 IST 2014] waitandClick
[Mon Jan 13 19:23:29 IST 2014] waitforElementtoLoad
[Mon Jan 13 19:23:30 IST 2014] typeInUserName
[Mon Jan 13 19:23:31 IST 2014] waitforElementtoLoad
[Mon Jan 13 19:23:31 IST 2014] typeInPassword
[Mon Jan 13 19:23:31 IST 2014] clickLoginButton
[Mon Jan 13 19:23:32 IST 2014] waitandClick
[Mon Jan 13 19:27:04 IST 2014] waitforElementtoLoad
[Mon Jan 13 19:27:04 IST 2014] typeInUserName
[Mon Jan 13 19:27:05 IST 2014] waitforElementtoLoad
[Mon Jan 13 19:27:05 IST 2014] typeInPassword
[Mon Jan 13 19:27:05 IST 2014] clickLoginButton
[Mon Jan 13 19:27:06 IST 2014] waitandClick
[Mon Jan 13 19:34:27 IST 2014] waitforElementtoLoad
[Mon Jan 13 19:34:27 IST 2014] typeInUserName
[Mon Jan 13 19:34:28 IST 2014] waitforElementtoLoad
[Mon Jan 13 19:34:28 IST 2014] typeInPassword
[Mon Jan 13 19:34:29 IST 2014] clickLoginButton
[Mon Jan 13 19:34:29 IST 2014] waitandClick
[Mon Jan 13 19:37:48 IST 2014] waitforElementtoLoad
[Mon Jan 13 19:37:49 IST 2014] typeInUserName
[Mon Jan 13 19:37:50 IST 2014] waitforElementtoLoad
[Mon Jan 13 19:37:50 IST 2014] typeInPassword
[Mon Jan 13 19:37:50 IST 2014] clickLoginButton
[Mon Jan 13 19:37:51 IST 2014] waitandClick
[Mon Jan 13 19:38:41 IST 2014] waitforElementtoLoad
[Mon Jan 13 19:38:42 IST 2014] typeInUserName
[Mon Jan 13 19:38:42 IST 2014] waitforElementtoLoad
[Mon Jan 13 19:38:43 IST 2014] typeInPassword
[Mon Jan 13 19:38:43 IST 2014] clickLoginButton
[Mon Jan 13 19:38:44 IST 2014] waitandClick
[Mon Jan 13 19:39:41 IST 2014] waitforElementtoLoad
[Mon Jan 13 19:39:41 IST 2014] typeInUserName
[Mon Jan 13 19:39:42 IST 2014] waitforElementtoLoad
[Mon Jan 13 19:39:42 IST 2014] typeInPassword
[Mon Jan 13 19:39:43 IST 2014] clickLoginButton
[Mon Jan 13 19:39:43 IST 2014] waitandClick
[Tue Jan 14 10:56:00 IST 2014] waitforElementtoLoad
[Tue Jan 14 10:56:01 IST 2014] typeInUserName
[Tue Jan 14 10:56:02 IST 2014] waitforElementtoLoad
[Tue Jan 14 10:56:02 IST 2014] typeInPassword
[Tue Jan 14 10:56:03 IST 2014] clickLoginButton
[Tue Jan 14 10:56:03 IST 2014] waitandClick
[Tue Jan 14 11:03:06 IST 2014] waitforElementtoLoad
[Tue Jan 14 11:03:07 IST 2014] typeInUserName
[Tue Jan 14 11:03:07 IST 2014] waitforElementtoLoad
[Tue Jan 14 11:03:08 IST 2014] typeInPassword
[Tue Jan 14 11:03:08 IST 2014] clickLoginButton
[Tue Jan 14 11:03:09 IST 2014] waitandClick
[Tue Jan 14 11:04:25 IST 2014] waitforElementtoLoad
[Tue Jan 14 11:04:26 IST 2014] typeInUserName
[Tue Jan 14 11:04:26 IST 2014] waitforElementtoLoad
[Tue Jan 14 11:04:27 IST 2014] typeInPassword
[Tue Jan 14 11:04:27 IST 2014] clickLoginButton
[Tue Jan 14 11:04:28 IST 2014] waitandClick
[Tue Jan 14 11:10:54 IST 2014] waitforElementtoLoad
[Tue Jan 14 11:10:55 IST 2014] typeInUserName
[Tue Jan 14 11:10:55 IST 2014] waitforElementtoLoad
[Tue Jan 14 11:10:56 IST 2014] typeInPassword
[Tue Jan 14 11:10:56 IST 2014] clickLoginButton
[Tue Jan 14 11:10:57 IST 2014] waitandClick
[Tue Jan 14 11:29:05 IST 2014] waitforElementtoLoad
[Tue Jan 14 11:29:06 IST 2014] typeInUserName
[Tue Jan 14 11:29:06 IST 2014] waitforElementtoLoad
[Tue Jan 14 11:29:07 IST 2014] typeInPassword
[Tue Jan 14 11:29:07 IST 2014] clickLoginButton
[Tue Jan 14 11:29:08 IST 2014] waitandClick
[Tue Jan 14 11:34:18 IST 2014] waitforElementtoLoad
[Tue Jan 14 11:34:19 IST 2014] typeInUserName
[Tue Jan 14 11:34:19 IST 2014] waitforElementtoLoad
[Tue Jan 14 11:34:20 IST 2014] typeInPassword
[Tue Jan 14 11:34:20 IST 2014] clickLoginButton
[Tue Jan 14 11:34:21 IST 2014] waitandClick
[Tue Jan 14 12:02:20 IST 2014] waitforElementtoLoad
[Tue Jan 14 12:02:38 IST 2014] typeInUserName
[Tue Jan 14 12:02:41 IST 2014] waitforElementtoLoad
[Tue Jan 14 12:02:44 IST 2014] typeInPassword
[Tue Jan 14 12:02:45 IST 2014] clickLoginButton
[Tue Jan 14 12:02:47 IST 2014] waitandClick
[Tue Jan 14 12:05:58 IST 2014] waitforElementtoLoad
[Tue Jan 14 12:05:58 IST 2014] typeInUserName
[Tue Jan 14 12:05:59 IST 2014] waitforElementtoLoad
[Tue Jan 14 12:05:59 IST 2014] typeInPassword
[Tue Jan 14 12:06:00 IST 2014] clickLoginButton
[Tue Jan 14 12:06:00 IST 2014] waitandClick
[Tue Jan 14 12:35:05 IST 2014] waitforElementtoLoad
[Tue Jan 14 12:35:05 IST 2014] typeInUserName
[Tue Jan 14 12:35:06 IST 2014] waitforElementtoLoad
[Tue Jan 14 12:35:06 IST 2014] typeInPassword
[Tue Jan 14 12:35:07 IST 2014] clickLoginButton
[Tue Jan 14 12:35:07 IST 2014] waitandClick
[Tue Jan 14 12:37:15 IST 2014] waitforElementtoLoad
[Tue Jan 14 12:37:15 IST 2014] typeInUserName
[Tue Jan 14 12:37:16 IST 2014] waitforElementtoLoad
[Tue Jan 14 12:37:16 IST 2014] typeInPassword
[Tue Jan 14 12:37:17 IST 2014] clickLoginButton
[Tue Jan 14 12:37:17 IST 2014] waitandClick
[Tue Jan 14 15:11:53 IST 2014] waitforElementtoLoad
[Tue Jan 14 15:11:53 IST 2014] typeInUserName
[Tue Jan 14 15:11:53 IST 2014] waitforElementtoLoad
[Tue Jan 14 15:11:53 IST 2014] typeInPassword
[Tue Jan 14 15:11:54 IST 2014] clickLoginButton
[Tue Jan 14 15:11:54 IST 2014] waitandClick
[Tue Jan 14 15:46:55 IST 2014] waitforElementtoLoad
[Tue Jan 14 15:46:55 IST 2014] typeInUserName
[Tue Jan 14 15:46:56 IST 2014] waitforElementtoLoad
[Tue Jan 14 15:46:56 IST 2014] typeInPassword
[Tue Jan 14 15:46:57 IST 2014] clickLoginButton
[Tue Jan 14 15:46:57 IST 2014] waitandClick
[Fri Jan 17 15:57:47 IST 2014] waitforElementtoLoad
[Fri Jan 17 15:57:50 IST 2014] typeInUserName
[Fri Jan 17 15:57:54 IST 2014] waitforElementtoLoad
[Fri Jan 17 15:57:57 IST 2014] typeInPassword
[Fri Jan 17 16:39:06 IST 2014] waitforElementtoLoad
[Fri Jan 17 16:39:06 IST 2014] typeInUserName
[Fri Jan 17 16:39:07 IST 2014] waitforElementtoLoad
[Fri Jan 17 16:39:07 IST 2014] typeInPassword
[Fri Jan 17 16:39:07 IST 2014] clickLoginButton
[Fri Jan 17 16:39:08 IST 2014] waitandClick
[Tue Jan 21 12:59:36 IST 2014] waitforElementtoLoad
[Tue Jan 21 12:59:37 IST 2014] assertEquals
[Tue Jan 21 12:59:37 IST 2014] waitforElementtoLoad
[Tue Jan 21 12:59:38 IST 2014] typeInUserName
[Tue Jan 21 12:59:38 IST 2014] waitforElementtoLoad
[Tue Jan 21 12:59:39 IST 2014] typeInPassword
[Tue Jan 21 12:59:39 IST 2014] clickLoginButton
[Tue Jan 21 12:59:40 IST 2014] waitandClick
[Tue Jan 21 14:13:50 IST 2014] waitforElementtoLoad
[Tue Jan 21 14:13:50 IST 2014] assertEquals
[Tue Jan 21 14:13:50 IST 2014] waitforElementtoLoad
[Tue Jan 21 14:13:51 IST 2014] typeInUserName
[Tue Jan 21 14:13:51 IST 2014] waitforElementtoLoad
[Tue Jan 21 14:13:52 IST 2014] typeInPassword
[Tue Jan 21 14:13:52 IST 2014] clickLoginButton
[Tue Jan 21 14:13:53 IST 2014] waitandClick
[Tue Jan 21 14:24:47 IST 2014] waitforElementtoLoad
[Tue Jan 21 14:24:47 IST 2014] assertEquals
[Tue Jan 21 14:24:47 IST 2014] waitforElementtoLoad
[Tue Jan 21 14:24:48 IST 2014] typeInUserName
[Tue Jan 21 14:24:48 IST 2014] waitforElementtoLoad
[Tue Jan 21 14:24:49 IST 2014] typeInPassword
[Tue Jan 21 14:24:49 IST 2014] clickLoginButton
[Tue Jan 21 14:24:50 IST 2014] waitandClick
[Tue Jan 21 14:43:52 IST 2014] waitforElementtoLoad
[Tue Jan 21 14:43:56 IST 2014] assertEquals
[Tue Jan 21 14:44:07 IST 2014] waitforElementtoLoad
[Tue Jan 21 14:44:30 IST 2014] assertEquals
[Tue Jan 21 14:44:44 IST 2014] waitforElementtoLoad
[Tue Jan 21 14:44:58 IST 2014] assertEquals
[Tue Jan 21 14:45:02 IST 2014] waitforElementtoLoad
[Tue Jan 21 14:45:02 IST 2014] typeInUserName
[Tue Jan 21 14:45:03 IST 2014] waitforElementtoLoad
[Tue Jan 21 14:45:03 IST 2014] typeInPassword
[Tue Jan 21 14:45:04 IST 2014] clickLoginButton
[Tue Jan 21 14:45:04 IST 2014] waitandClick
[Tue Jan 21 18:22:01 IST 2014] waitforElementtoLoad
[Tue Jan 21 18:22:02 IST 2014] assertEquals
[Tue Jan 21 18:22:02 IST 2014] waitforElementtoLoad
[Tue Jan 21 18:22:03 IST 2014] assertEquals
[Tue Jan 21 18:22:03 IST 2014] waitforElementtoLoad
[Tue Jan 21 18:22:03 IST 2014] assertEquals
[Tue Jan 21 18:22:04 IST 2014] waitforElementtoLoad
[Tue Jan 21 18:22:04 IST 2014] typeInUserName
[Tue Jan 21 18:22:05 IST 2014] waitforElementtoLoad
[Tue Jan 21 18:22:05 IST 2014] typeInPassword
[Tue Jan 21 18:22:06 IST 2014] clickLoginButton
[Tue Jan 21 18:22:06 IST 2014] waitandClick
[Tue Jan 21 18:23:22 IST 2014] waitforElementtoLoad
[Tue Jan 21 18:23:28 IST 2014] assertEquals
[Tue Jan 21 18:23:28 IST 2014] waitforElementtoLoad
[Tue Jan 21 18:23:29 IST 2014] assertEquals
[Tue Jan 21 18:23:30 IST 2014] waitforElementtoLoad
[Tue Jan 21 18:23:33 IST 2014] assertEquals
[Tue Jan 21 18:23:33 IST 2014] waitforElementtoLoad
[Tue Jan 21 18:23:34 IST 2014] typeInUserName
[Tue Jan 21 18:23:34 IST 2014] waitforElementtoLoad
[Tue Jan 21 18:23:35 IST 2014] typeInPassword
[Tue Jan 21 18:23:35 IST 2014] clickLoginButton
[Tue Jan 21 18:23:35 IST 2014] waitandClick
[Tue Jan 21 18:30:39 IST 2014] waitforElementtoLoad
[Tue Jan 21 18:30:40 IST 2014] assertEquals
[Tue Jan 21 18:30:40 IST 2014] waitforElementtoLoad
[Tue Jan 21 18:30:41 IST 2014] assertEquals
[Tue Jan 21 18:30:41 IST 2014] waitforElementtoLoad
[Tue Jan 21 18:30:41 IST 2014] assertEquals
[Tue Jan 21 18:30:42 IST 2014] waitforElementtoLoad
[Tue Jan 21 18:30:42 IST 2014] typeInUserName
[Tue Jan 21 18:30:43 IST 2014] waitforElementtoLoad
[Tue Jan 21 18:30:43 IST 2014] typeInPassword
[Tue Jan 21 18:30:44 IST 2014] clickLoginButton
[Tue Jan 21 18:30:44 IST 2014] waitandClick
[Tue Jan 21 18:42:22 IST 2014] waitforElementtoLoad
[Tue Jan 21 18:42:23 IST 2014] assertEquals
[Tue Jan 21 18:42:23 IST 2014] waitforElementtoLoad
[Tue Jan 21 18:42:23 IST 2014] assertEquals
[Tue Jan 21 18:42:23 IST 2014] waitforElementtoLoad
[Tue Jan 21 18:42:23 IST 2014] assertEquals
[Tue Jan 21 18:42:23 IST 2014] waitforElementtoLoad
[Tue Jan 21 18:42:24 IST 2014] typeInUserName
[Tue Jan 21 18:42:24 IST 2014] waitforElementtoLoad
[Tue Jan 21 18:42:24 IST 2014] typeInPassword
[Tue Jan 21 18:42:24 IST 2014] clickLoginButton
[Tue Jan 21 18:42:24 IST 2014] waitandClick
[Tue Jan 21 18:42:26 IST 2014] waitForAlertAndAccept
[Tue Jan 21 18:46:56 IST 2014] waitforElementtoLoad
[Tue Jan 21 18:46:57 IST 2014] assertEquals
[Tue Jan 21 18:46:57 IST 2014] waitforElementtoLoad
[Tue Jan 21 18:46:57 IST 2014] assertEquals
[Tue Jan 21 18:46:57 IST 2014] waitforElementtoLoad
[Tue Jan 21 18:46:57 IST 2014] assertEquals
[Tue Jan 21 18:46:57 IST 2014] waitforElementtoLoad
[Tue Jan 21 18:46:58 IST 2014] typeInUserName
[Tue Jan 21 18:46:58 IST 2014] waitforElementtoLoad
[Tue Jan 21 18:46:58 IST 2014] typeInPassword
[Tue Jan 21 18:46:58 IST 2014] clickLoginButton
[Tue Jan 21 18:46:58 IST 2014] waitandClick
[Tue Jan 21 18:47:00 IST 2014] waitForAlertAndAccept
[Tue Jan 21 18:48:06 IST 2014] waitforElementtoLoad
[Tue Jan 21 18:48:06 IST 2014] assertEquals
[Tue Jan 21 18:48:07 IST 2014] waitforElementtoLoad
[Tue Jan 21 18:48:07 IST 2014] assertEquals
[Tue Jan 21 18:48:07 IST 2014] waitforElementtoLoad
[Tue Jan 21 18:48:07 IST 2014] assertEquals
[Tue Jan 21 18:48:07 IST 2014] waitforElementtoLoad
[Tue Jan 21 18:48:07 IST 2014] typeInUserName
[Tue Jan 21 18:48:08 IST 2014] waitforElementtoLoad
[Tue Jan 21 18:48:08 IST 2014] typeInPassword
[Tue Jan 21 18:48:08 IST 2014] clickLoginButton
[Tue Jan 21 18:48:08 IST 2014] waitandClick
[Wed Jan 22 14:34:58 IST 2014] waitforElementtoLoad
[Wed Jan 22 14:34:58 IST 2014] assertEquals
[Wed Jan 22 14:34:59 IST 2014] waitforElementtoLoad
[Wed Jan 22 14:34:59 IST 2014] assertEquals
[Wed Jan 22 14:34:59 IST 2014] waitforElementtoLoad
[Wed Jan 22 14:35:00 IST 2014] assertEquals
[Wed Jan 22 14:35:00 IST 2014] waitforElementtoLoad
[Wed Jan 22 14:35:00 IST 2014] typeInUserName
[Wed Jan 22 14:35:01 IST 2014] waitforElementtoLoad
[Wed Jan 22 14:35:01 IST 2014] typeInPassword
[Wed Jan 22 14:35:02 IST 2014] clickLoginButton
[Wed Jan 22 14:35:02 IST 2014] waitandClick
[Wed Jan 22 14:35:05 IST 2014] waitForAlertAndAccept
[Wed Jan 22 14:37:26 IST 2014] waitforElementtoLoad
[Wed Jan 22 14:37:27 IST 2014] assertEquals
[Wed Jan 22 14:37:27 IST 2014] waitforElementtoLoad
[Wed Jan 22 14:37:28 IST 2014] assertEquals
[Wed Jan 22 14:37:28 IST 2014] waitforElementtoLoad
[Wed Jan 22 14:37:28 IST 2014] assertEquals
[Wed Jan 22 14:37:29 IST 2014] waitforElementtoLoad
[Wed Jan 22 14:37:29 IST 2014] typeInUserName
[Wed Jan 22 14:37:30 IST 2014] waitforElementtoLoad
[Wed Jan 22 14:37:30 IST 2014] typeInPassword
[Wed Jan 22 14:37:31 IST 2014] clickLoginButton
[Wed Jan 22 14:37:31 IST 2014] waitandClick
[Wed Jan 22 14:37:32 IST 2014] waitForAlertAndAccept
[Wed Jan 22 14:37:50 IST 2014] waitforElementtoLoad
[Wed Jan 22 14:37:50 IST 2014] typeInUserName
[Wed Jan 22 14:37:51 IST 2014] clickLoginButton
[Wed Jan 22 14:37:51 IST 2014] waitandClick
[Wed Jan 22 14:37:51 IST 2014] waitForAlertAndAccept
[Wed Jan 22 14:53:32 IST 2014] waitforElementtoLoad
[Wed Jan 22 14:53:33 IST 2014] assertEquals
[Wed Jan 22 14:53:33 IST 2014] waitforElementtoLoad
[Wed Jan 22 14:53:33 IST 2014] assertEquals
[Wed Jan 22 14:53:34 IST 2014] waitforElementtoLoad
[Wed Jan 22 14:53:34 IST 2014] assertEquals
[Wed Jan 22 14:53:35 IST 2014] waitforElementtoLoad
[Wed Jan 22 14:53:35 IST 2014] typeInUserName
[Wed Jan 22 14:53:36 IST 2014] waitforElementtoLoad
[Wed Jan 22 14:53:36 IST 2014] typeInPassword
[Wed Jan 22 14:53:36 IST 2014] clickLoginButton
[Wed Jan 22 14:53:37 IST 2014] waitandClick
[Wed Jan 22 14:53:38 IST 2014] waitForAlertAndAccept
[Wed Jan 22 14:54:00 IST 2014] waitforElementtoLoad
[Wed Jan 22 14:54:01 IST 2014] typeInPassword
[Wed Jan 22 14:54:01 IST 2014] clickLoginButton
[Wed Jan 22 14:54:02 IST 2014] waitandClick
[Wed Jan 22 14:54:02 IST 2014] waitForAlertAndAccept
[Wed Jan 22 14:54:19 IST 2014] waitforElementtoLoad
[Wed Jan 22 14:54:20 IST 2014] typeInUserName
[Wed Jan 22 14:54:20 IST 2014] clickLoginButton
[Wed Jan 22 14:54:21 IST 2014] waitandClick
[Wed Jan 22 14:54:21 IST 2014] waitForAlertAndAccept
[Wed Jan 22 15:10:46 IST 2014] waitforElementtoLoad
[Wed Jan 22 15:10:47 IST 2014] assertEquals
[Wed Jan 22 15:10:47 IST 2014] waitforElementtoLoad
[Wed Jan 22 15:10:48 IST 2014] assertEquals
[Wed Jan 22 15:10:48 IST 2014] waitforElementtoLoad
[Wed Jan 22 15:10:48 IST 2014] assertEquals
[Wed Jan 22 15:10:49 IST 2014] waitforElementtoLoad
[Wed Jan 22 15:10:49 IST 2014] typeInUserName
[Wed Jan 22 15:10:50 IST 2014] waitforElementtoLoad
[Wed Jan 22 15:10:50 IST 2014] typeInPassword
[Wed Jan 22 15:10:51 IST 2014] clickLoginButton
[Wed Jan 22 15:10:51 IST 2014] waitandClick
[Wed Jan 22 15:10:52 IST 2014] waitForAlertAndAccept
[Wed Jan 22 15:11:09 IST 2014] waitforElementtoLoad
[Wed Jan 22 15:11:10 IST 2014] typeInPassword
[Wed Jan 22 15:11:10 IST 2014] clickLoginButton
[Wed Jan 22 15:11:10 IST 2014] waitandClick
[Wed Jan 22 15:11:11 IST 2014] waitForAlertAndAccept
[Wed Jan 22 15:13:54 IST 2014] waitforElementtoLoad
[Wed Jan 22 15:13:54 IST 2014] typeInUserName
[Wed Jan 22 15:13:54 IST 2014] clickLoginButton
[Wed Jan 22 15:13:54 IST 2014] waitandClick
[Wed Jan 22 15:13:55 IST 2014] waitForAlertAndAccept
[Wed Jan 22 15:14:11 IST 2014] clickLoginButton
[Wed Jan 22 15:14:12 IST 2014] waitandClick
[Wed Jan 22 15:14:12 IST 2014] waitForAlertAndAccept
[Wed Jan 22 15:37:57 IST 2014] waitforElementtoLoad
[Wed Jan 22 15:37:58 IST 2014] assertEquals
[Wed Jan 22 15:37:58 IST 2014] waitforElementtoLoad
[Wed Jan 22 15:37:59 IST 2014] assertEquals
[Wed Jan 22 15:37:59 IST 2014] waitforElementtoLoad
[Wed Jan 22 15:37:59 IST 2014] assertEquals
[Wed Jan 22 15:38:00 IST 2014] waitforElementtoLoad
[Wed Jan 22 15:38:00 IST 2014] typeInUserName
[Wed Jan 22 15:38:01 IST 2014] waitforElementtoLoad
[Wed Jan 22 15:38:02 IST 2014] typeInPassword
[Wed Jan 22 15:38:02 IST 2014] clickLoginButton
[Wed Jan 22 15:38:02 IST 2014] waitandClick
[Wed Jan 22 15:38:04 IST 2014] waitForAlertAndAccept
[Wed Jan 22 15:41:16 IST 2014] waitforElementtoLoad
[Wed Jan 22 15:41:17 IST 2014] typeInUserName
[Wed Jan 22 15:41:17 IST 2014] clickLoginButton
[Wed Jan 22 15:41:18 IST 2014] waitandClick
[Wed Jan 22 15:41:18 IST 2014] waitForAlertAndAccept
[Wed Jan 22 15:41:36 IST 2014] clickLoginButton
[Wed Jan 22 15:41:36 IST 2014] waitandClick
[Wed Jan 22 15:41:37 IST 2014] waitForAlertAndAccept
[Wed Jan 22 16:01:01 IST 2014] waitforElementtoLoad
[Wed Jan 22 16:01:01 IST 2014] assertEquals
[Wed Jan 22 16:01:02 IST 2014] waitforElementtoLoad
[Wed Jan 22 16:01:02 IST 2014] assertEquals
[Wed Jan 22 16:01:03 IST 2014] waitforElementtoLoad
[Wed Jan 22 16:01:03 IST 2014] assertEquals
[Wed Jan 22 16:01:04 IST 2014] waitforElementtoLoad
[Wed Jan 22 16:01:04 IST 2014] typeInUserName
[Wed Jan 22 16:01:05 IST 2014] waitforElementtoLoad
[Wed Jan 22 16:01:05 IST 2014] typeInPassword
[Wed Jan 22 16:01:06 IST 2014] clickLoginButton
[Wed Jan 22 16:01:06 IST 2014] waitandClick
[Wed Jan 22 16:01:08 IST 2014] waitForAlertAndAccept
[Wed Jan 22 16:01:38 IST 2014] waitforElementtoLoad
[Wed Jan 22 16:01:39 IST 2014] typeInPassword
[Wed Jan 22 16:01:39 IST 2014] clickLoginButton
[Wed Jan 22 16:01:39 IST 2014] waitandClick
[Wed Jan 22 16:01:39 IST 2014] waitForAlertAndAccept
[Wed Jan 22 16:02:10 IST 2014] waitforElementtoLoad
[Wed Jan 22 16:02:11 IST 2014] typeInUserName
[Wed Jan 22 16:02:11 IST 2014] clickLoginButton
[Wed Jan 22 16:02:12 IST 2014] waitandClick
[Wed Jan 22 16:02:13 IST 2014] waitForAlertAndAccept
[Wed Jan 22 16:02:33 IST 2014] clickLoginButton
[Wed Jan 22 16:02:33 IST 2014] waitandClick
[Wed Jan 22 16:02:34 IST 2014] waitForAlertAndAccept
[Wed Jan 22 16:13:50 IST 2014] waitforElementtoLoad
[Wed Jan 22 16:13:50 IST 2014] assertEquals
[Wed Jan 22 16:13:51 IST 2014] waitforElementtoLoad
[Wed Jan 22 16:13:51 IST 2014] assertEquals
[Wed Jan 22 16:13:52 IST 2014] waitforElementtoLoad
[Wed Jan 22 16:13:52 IST 2014] assertEquals
[Wed Jan 22 16:13:52 IST 2014] waitforElementtoLoad
[Wed Jan 22 16:13:53 IST 2014] typeInUserName
[Wed Jan 22 16:13:53 IST 2014] waitforElementtoLoad
[Wed Jan 22 16:13:54 IST 2014] typeInPassword
[Wed Jan 22 16:13:54 IST 2014] clickLoginButton
[Wed Jan 22 16:13:55 IST 2014] waitandClick
[Wed Jan 22 16:13:56 IST 2014] waitForAlertAndAccept
[Wed Jan 22 16:15:20 IST 2014] waitforElementtoLoad
[Wed Jan 22 16:15:21 IST 2014] typeInPassword
[Wed Jan 22 16:15:21 IST 2014] clickLoginButton
[Wed Jan 22 16:15:22 IST 2014] waitandClick
[Wed Jan 22 16:15:22 IST 2014] waitForAlertAndAccept
[Wed Jan 22 16:15:39 IST 2014] waitforElementtoLoad
[Wed Jan 22 16:15:39 IST 2014] typeInUserName
[Wed Jan 22 16:15:40 IST 2014] clickLoginButton
[Wed Jan 22 16:15:40 IST 2014] waitandClick
[Wed Jan 22 16:15:41 IST 2014] waitForAlertAndAccept
[Wed Jan 22 16:16:01 IST 2014] clickLoginButton
[Wed Jan 22 16:16:01 IST 2014] waitandClick
[Wed Jan 22 16:16:02 IST 2014] waitForAlertAndAccept
[Tue Jan 28 17:58:36 IST 2014] waitforElementtoLoad
[Tue Jan 28 17:58:37 IST 2014] assertEquals
[Tue Jan 28 17:58:37 IST 2014] waitforElementtoLoad
[Tue Jan 28 17:58:37 IST 2014] assertEquals
[Tue Jan 28 17:58:38 IST 2014] waitforElementtoLoad
[Tue Jan 28 17:58:38 IST 2014] assertEquals
[Tue Jan 28 17:58:39 IST 2014] waitforElementtoLoad
[Tue Jan 28 17:58:39 IST 2014] typeInUserName
[Tue Jan 28 17:58:39 IST 2014] waitforElementtoLoad
[Tue Jan 28 17:58:40 IST 2014] typeInPassword
[Tue Jan 28 17:58:40 IST 2014] clickLoginButton
[Tue Jan 28 17:58:41 IST 2014] waitandClick
[Tue Jan 28 17:58:42 IST 2014] waitForAlertAndAccept
[Tue Jan 28 17:58:46 IST 2014] waitforElementtoLoad
[Tue Jan 28 18:49:03 IST 2014] waitforElementtoLoad
[Tue Jan 28 18:50:15 IST 2014] waitforElementtoLoad
[Tue Jan 28 18:50:15 IST 2014] assertEquals
[Tue Jan 28 18:50:15 IST 2014] waitforElementtoLoad
[Tue Jan 28 18:50:16 IST 2014] assertEquals
[Tue Jan 28 18:50:16 IST 2014] waitforElementtoLoad
[Tue Jan 28 18:50:16 IST 2014] assertEquals
[Tue Jan 28 18:50:17 IST 2014] waitforElementtoLoad
[Tue Jan 28 18:50:17 IST 2014] typeInUserName
[Tue Jan 28 18:50:18 IST 2014] waitforElementtoLoad
[Tue Jan 28 18:50:18 IST 2014] typeInPassword
[Tue Jan 28 18:50:18 IST 2014] clickLoginButton
[Tue Jan 28 18:50:19 IST 2014] waitandClick
[Tue Jan 28 18:50:20 IST 2014] waitForAlertAndAccept
[Tue Jan 28 18:50:25 IST 2014] waitforElementtoLoad
[Tue Jan 28 18:51:59 IST 2014] waitforElementtoLoad
[Tue Jan 28 18:52:00 IST 2014] assertEquals
[Tue Jan 28 18:52:00 IST 2014] waitforElementtoLoad
[Tue Jan 28 18:52:00 IST 2014] assertEquals
[Tue Jan 28 18:52:01 IST 2014] waitforElementtoLoad
[Tue Jan 28 18:52:01 IST 2014] assertEquals
[Tue Jan 28 18:52:01 IST 2014] waitforElementtoLoad
[Tue Jan 28 18:52:02 IST 2014] typeInUserName
[Tue Jan 28 18:52:02 IST 2014] waitforElementtoLoad
[Tue Jan 28 18:52:03 IST 2014] typeInPassword
[Tue Jan 28 18:52:03 IST 2014] clickLoginButton
[Tue Jan 28 18:52:03 IST 2014] waitandClick
[Tue Jan 28 18:52:05 IST 2014] waitForAlertAndAccept
[Tue Jan 28 18:52:08 IST 2014] waitforElementtoLoad
[Tue Jan 28 18:53:16 IST 2014] waitforElementtoLoad
[Tue Jan 28 18:53:17 IST 2014] assertEquals
[Tue Jan 28 18:53:17 IST 2014] waitforElementtoLoad
[Tue Jan 28 18:53:17 IST 2014] assertEquals
[Tue Jan 28 18:53:18 IST 2014] waitforElementtoLoad
[Tue Jan 28 18:53:18 IST 2014] assertEquals
[Tue Jan 28 18:53:18 IST 2014] waitforElementtoLoad
[Tue Jan 28 18:53:19 IST 2014] typeInUserName
[Tue Jan 28 18:53:19 IST 2014] waitforElementtoLoad
[Tue Jan 28 18:53:20 IST 2014] typeInPassword
[Tue Jan 28 18:53:20 IST 2014] clickLoginButton
[Tue Jan 28 18:53:20 IST 2014] waitandClick
[Tue Jan 28 18:53:22 IST 2014] waitForAlertAndAccept
[Tue Jan 28 18:53:26 IST 2014] waitforElementtoLoad
[Tue Jan 28 18:54:30 IST 2014] waitforElementtoLoad
[Tue Jan 28 18:54:30 IST 2014] assertEquals
[Tue Jan 28 18:54:31 IST 2014] waitforElementtoLoad
[Tue Jan 28 18:54:31 IST 2014] assertEquals
[Tue Jan 28 18:54:32 IST 2014] waitforElementtoLoad
[Tue Jan 28 18:54:32 IST 2014] assertEquals
[Tue Jan 28 18:54:32 IST 2014] waitforElementtoLoad
[Tue Jan 28 18:54:33 IST 2014] typeInUserName
[Tue Jan 28 18:54:33 IST 2014] waitforElementtoLoad
[Tue Jan 28 18:54:34 IST 2014] typeInPassword
[Tue Jan 28 18:54:34 IST 2014] clickLoginButton
[Tue Jan 28 18:54:34 IST 2014] waitandClick
[Tue Jan 28 18:54:36 IST 2014] waitForAlertAndAccept
[Tue Jan 28 18:54:40 IST 2014] waitforElementtoLoad
[Tue Jan 28 19:01:29 IST 2014] waitforElementtoLoad
[Tue Jan 28 19:01:29 IST 2014] assertEquals
[Tue Jan 28 19:01:30 IST 2014] waitforElementtoLoad
[Tue Jan 28 19:01:30 IST 2014] assertEquals
[Tue Jan 28 19:01:30 IST 2014] waitforElementtoLoad
[Tue Jan 28 19:01:31 IST 2014] assertEquals
[Tue Jan 28 19:01:31 IST 2014] waitforElementtoLoad
[Tue Jan 28 19:01:31 IST 2014] typeInUserName
[Tue Jan 28 19:01:32 IST 2014] waitforElementtoLoad
[Tue Jan 28 19:01:32 IST 2014] typeInPassword
[Tue Jan 28 19:01:33 IST 2014] clickLoginButton
[Tue Jan 28 19:01:33 IST 2014] waitandClick
[Tue Jan 28 19:01:34 IST 2014] waitForAlertAndAccept
[Tue Jan 28 19:01:58 IST 2014] waitforElementtoLoad
[Tue Jan 28 19:18:41 IST 2014] waitforElementtoLoad
[Tue Jan 28 19:18:41 IST 2014] assertEquals
[Tue Jan 28 19:18:42 IST 2014] waitforElementtoLoad
[Tue Jan 28 19:18:42 IST 2014] assertEquals
[Tue Jan 28 19:18:42 IST 2014] waitforElementtoLoad
[Tue Jan 28 19:18:43 IST 2014] assertEquals
[Tue Jan 28 19:18:43 IST 2014] waitforElementtoLoad
[Tue Jan 28 19:18:44 IST 2014] typeInUserName
[Tue Jan 28 19:18:44 IST 2014] waitforElementtoLoad
[Tue Jan 28 19:18:45 IST 2014] typeInPassword
[Tue Jan 28 19:18:45 IST 2014] clickLoginButton
[Tue Jan 28 19:18:45 IST 2014] waitandClick
[Tue Jan 28 19:18:47 IST 2014] waitForAlertAndAccept
[Tue Jan 28 19:18:50 IST 2014] waitforElementtoLoad
[Tue Jan 28 19:21:00 IST 2014] waitforElementtoLoad
[Tue Jan 28 19:21:00 IST 2014] assertEquals
[Tue Jan 28 19:21:01 IST 2014] waitforElementtoLoad
[Tue Jan 28 19:21:01 IST 2014] assertEquals
[Tue Jan 28 19:21:01 IST 2014] waitforElementtoLoad
[Tue Jan 28 19:21:02 IST 2014] assertEquals
[Tue Jan 28 19:21:02 IST 2014] waitforElementtoLoad
[Tue Jan 28 19:21:03 IST 2014] typeInUserName
[Tue Jan 28 19:21:03 IST 2014] waitforElementtoLoad
[Tue Jan 28 19:21:03 IST 2014] typeInPassword
[Tue Jan 28 19:21:04 IST 2014] clickLoginButton
[Tue Jan 28 19:21:04 IST 2014] waitandClick
[Tue Jan 28 19:21:06 IST 2014] waitForAlertAndAccept
[Tue Jan 28 19:21:08 IST 2014] waitforElementtoLoad
[Tue Jan 28 19:22:54 IST 2014] waitforElementtoLoad
[Tue Jan 28 19:22:55 IST 2014] assertEquals
[Tue Jan 28 19:22:55 IST 2014] waitforElementtoLoad
[Tue Jan 28 19:22:56 IST 2014] assertEquals
[Tue Jan 28 19:22:56 IST 2014] waitforElementtoLoad
[Tue Jan 28 19:22:56 IST 2014] assertEquals
[Tue Jan 28 19:22:57 IST 2014] waitforElementtoLoad
[Tue Jan 28 19:22:57 IST 2014] typeInUserName
[Tue Jan 28 19:22:58 IST 2014] waitforElementtoLoad
[Tue Jan 28 19:22:58 IST 2014] typeInPassword
[Tue Jan 28 19:22:58 IST 2014] clickLoginButton
[Tue Jan 28 19:22:59 IST 2014] waitandClick
[Tue Jan 28 19:23:00 IST 2014] waitForAlertAndAccept
[Tue Jan 28 19:23:03 IST 2014] waitforElementtoLoad
